<?xml version="1.0" encoding="UTF-8"?>
<!-- Generated by org.testng.reporters.JUnitXMLReporter -->
<testsuite hostname="IE3PLT265L5S2" ignored="2" name="Default test" tests="6" failures="0" timestamp="22 Feb 2019 09:49:10 GMT" time="0.082" errors="0">
  <testcase name="@BeforeClass setup" time="0.0" classname="com.basefixture.BaseFixture">
    <failure type="org.testng.TestNGException" message="
Parameter &amp;apos;browser&amp;apos; is required by BeforeClass on method setup but has not been marked @Optional or defined
in C:\Users\H212586\AppData\Local\Temp\testng-eclipse-634227710\testng-customsuite.xml">
      <![CDATA[org.testng.TestNGException: 
Parameter 'browser' is required by BeforeClass on method setup but has not been marked @Optional or defined
in C:\Users\H212586\AppData\Local\Temp\testng-eclipse-634227710\testng-customsuite.xml
	at org.testng.internal.Parameters.createParameters(Parameters.java:199)
	at org.testng.internal.Parameters.createParameters(Parameters.java:443)
	at org.testng.internal.Parameters.createConfigurationParameters(Parameters.java:118)
	at org.testng.internal.Invoker.invokeConfigurations(Invoker.java:206)
	at org.testng.internal.Invoker.invokeConfigurations(Invoker.java:146)
	at org.testng.internal.TestMethodWorker.invokeBeforeClassMethods(TestMethodWorker.java:166)
	at org.testng.internal.TestMethodWorker.run(TestMethodWorker.java:105)
	at org.testng.TestRunner.privateRun(TestRunner.java:744)
	at org.testng.TestRunner.run(TestRunner.java:602)
	at org.testng.SuiteRunner.runTest(SuiteRunner.java:380)
	at org.testng.SuiteRunner.runSequentially(SuiteRunner.java:375)
	at org.testng.SuiteRunner.privateRun(SuiteRunner.java:340)
	at org.testng.SuiteRunner.run(SuiteRunner.java:289)
	at org.testng.SuiteRunnerWorker.runSuite(SuiteRunnerWorker.java:52)
	at org.testng.SuiteRunnerWorker.run(SuiteRunnerWorker.java:86)
	at org.testng.TestNG.runSuitesSequentially(TestNG.java:1301)
	at org.testng.TestNG.runSuitesLocally(TestNG.java:1226)
	at org.testng.TestNG.runSuites(TestNG.java:1144)
	at org.testng.TestNG.run(TestNG.java:1115)
	at org.testng.remote.AbstractRemoteTestNG.run(AbstractRemoteTestNG.java:114)
	at org.testng.remote.RemoteTestNG.initAndRun(RemoteTestNG.java:251)
	at org.testng.remote.RemoteTestNG.main(RemoteTestNG.java:77)
]]>
    </failure>
  </testcase> <!-- @BeforeClass setup -->
  <testcase name="@BeforeClass setup" time="0.0" classname="com.basefixture.BaseFixture">
    <skipped/>
  </testcase> <!-- @BeforeClass setup -->
  <testcase name="@AfterClass teardown" time="0.0" classname="com.basefixture.BaseFixture">
    <skipped/>
  </testcase> <!-- @AfterClass teardown -->
  <testcase name="@BeforeClass setup" time="0.0" classname="com.basefixture.BaseFixture">
    <skipped/>
  </testcase> <!-- @BeforeClass setup -->
  <testcase name="@AfterClass teardown" time="0.0" classname="com.basefixture.BaseFixture">
    <skipped/>
  </testcase> <!-- @AfterClass teardown -->
  <testcase name="@AfterClass teardown" time="0.0" classname="com.basefixture.BaseFixture">
    <skipped/>
  </testcase> <!-- @AfterClass teardown -->
  <testcase name="verifyFlipKartHomePage" time="0.001" classname="com.flipkarttests.HomeTest">
    <skipped/>
  </testcase> <!-- verifyFlipKartHomePage -->
  <testcase name="verifySearchProduct" time="0.0" classname="com.flipkarttests.SearchProductTest">
    <skipped/>
  </testcase> <!-- verifySearchProduct -->
  <testcase name="verifyLoginWithValidCredentials" time="0.0" classname="com.flipkarttests.HomeTest">
    <skipped/>
  </testcase> <!-- verifyLoginWithValidCredentials -->
  <testcase name="verifyLogoutFromApplication" time="0.0" classname="com.flipkarttests.SignoutTest">
    <skipped/>
  </testcase> <!-- verifyLogoutFromApplication -->
  <testcase name="verifySearchProduct" time="0.0" classname="com.flipkarttests.HomeTest">
    <skipped/>
  </testcase> <!-- verifySearchProduct -->
  <testcase name="verifyAddMostReviewedProductToCart" time="0.0" classname="com.flipkarttests.HomeTest">
    <skipped/>
  </testcase> <!-- verifyAddMostReviewedProductToCart -->
  <testcase name="@AfterSuite afterSuite" time="0.0" classname="com.basefixture.BaseFixture">
    <ignored/>
  </testcase> <!-- @AfterSuite afterSuite -->
  <testcase name="@AfterSuite afterSuite" time="0.0" classname="com.basefixture.BaseFixture">
    <ignored/>
  </testcase> <!-- @AfterSuite afterSuite -->
</testsuite> <!-- Default test -->
